<?xml version="1.0" encoding="UTF-8"?>
<testsuite name="com.cricpro.app.CaptainVcRulesTest" tests="2" skipped="0" failures="0" errors="0" timestamp="2026-09-15T08:52:13.257Z" hostname="MSI" time="0.039">
  <properties/>
  <testcase name="testCaptainVcBusinessRulesLogic" classname="com.cricpro.app.CaptainVcRulesTest" time="0.009"/>
  <testcase name="testNetRunRateAndPointsTableCalculation" classname="com.cricpro.app.CaptainVcRulesTest" time="0.029"/>
  <system-out><![CDATA[]]></system-out>
  <system-err><![CDATA[]]></system-err>
</testsuite>
