<?xml version="1.0" encoding="UTF-8"?>
<testsuite name="com.cricpro.app.InningsTransitionTest" tests="6" skipped="0" failures="0" errors="0" timestamp="2026-09-15T08:52:13.301Z" hostname="MSI" time="0.025">
  <properties/>
  <testcase name="testFirstInningsCompletionCalculatesCorrectTarget" classname="com.cricpro.app.InningsTransitionTest" time="0.011"/>
  <testcase name="testFirstInningsEndOnWidesOrNoBalls" classname="com.cricpro.app.InningsTransitionTest" time="0.001"/>
  <testcase name="testSecondInningsChasingTargetWin" classname="com.cricpro.app.InningsTransitionTest" time="0.0"/>
  <testcase name="testSecondInningsTieMatch" classname="com.cricpro.app.InningsTransitionTest" time="0.001"/>
  <testcase name="testSecondInningsPlayerResetToChasingTeamSquad" classname="com.cricpro.app.InningsTransitionTest" time="0.003"/>
  <testcase name="testAllOutInningsCompletionTarget" classname="com.cricpro.app.InningsTransitionTest" time="0.008"/>
  <system-out><![CDATA[]]></system-out>
  <system-err><![CDATA[]]></system-err>
</testsuite>
