<?xml version="1.0" encoding="UTF-8"?>
<testsuite name="com.cricpro.app.ScoringEngineTest" tests="11" skipped="0" failures="0" errors="0" timestamp="2026-09-15T08:52:13.359Z" hostname="MSI" time="0.007">
  <properties/>
  <testcase name="testOverCompletionStrikeChange" classname="com.cricpro.app.ScoringEngineTest" time="0.0"/>
  <testcase name="testWicketIncomingBatterSelectionPersistence" classname="com.cricpro.app.ScoringEngineTest" time="0.0"/>
  <testcase name="testExtrasWideAndNoBall" classname="com.cricpro.app.ScoringEngineTest" time="0.0"/>
  <testcase name="testVideoSequence" classname="com.cricpro.app.ScoringEngineTest" time="0.003"/>
  <testcase name="testOddRunsStrikeRotation" classname="com.cricpro.app.ScoringEngineTest" time="0.001"/>
  <testcase name="testDotBallAndSingle" classname="com.cricpro.app.ScoringEngineTest" time="0.0"/>
  <testcase name="testBoundariesFourAndSix" classname="com.cricpro.app.ScoringEngineTest" time="0.0"/>
  <testcase name="testWicketBatterScoreNameAndIsOut" classname="com.cricpro.app.ScoringEngineTest" time="0.0"/>
  <testcase name="testUndoAndRecalculateInnings" classname="com.cricpro.app.ScoringEngineTest" time="0.0"/>
  <testcase name="testWicketBowledAndCaught" classname="com.cricpro.app.ScoringEngineTest" time="0.0"/>
  <testcase name="testOverCompletionTriggersIsOverCompleteFlag" classname="com.cricpro.app.ScoringEngineTest" time="0.001"/>
  <system-out><![CDATA[AFTER BALL 4 (5 runs): nextStriker = ekansh, nextNonStriker = abhi
AFTER BALL 5 (1 run): nextStriker = abhi, nextNonStriker = ekansh
]]></system-out>
  <system-err><![CDATA[]]></system-err>
</testsuite>
